C:\Program Files (x86)\Microsoft Visual Studio\2017\Community\Common7\IDE\VC\VCTargets\Microsoft.CppBuild.targets(944,5): warning MSB8027: Two or more files with the name of matrices.cpp will produce outputs to the same location. This can lead to an incorrect build result.  The files involved are ..\..\GamePhysicsCookbook\GamePhysicsCookbook\matrices.cpp, matrices.cpp.
  matrices.cpp
c1xx : fatal error C1083: Cannot open source file: '..\..\GamePhysicsCookbook\GamePhysicsCookbook\matrices.cpp': No such file or directory
  Geometry2D.cpp
c:\users\erik\source\repos\physicsengine\physicsengine\geometry2d.cpp(1): warning C4067: unexpected tokens following preprocessor directive - expected a newline
c:\users\erik\source\repos\physicsengine\physicsengine\geometry2d.h(27): error C2661: 'vec2::vec2': no overloaded function takes 2 arguments
c:\users\erik\source\repos\physicsengine\physicsengine\geometry2d.h(38): error C2373: 'OrientedRectangle': redefinition; different type modifiers
  c:\users\erik\source\repos\physicsengine\physicsengine\geometry2d.h(31): note: see declaration of 'OrientedRectangle'
c:\users\erik\source\repos\physicsengine\physicsengine\geometry2d.h(35): error C2661: 'vec2::vec2': no overloaded function takes 2 arguments
c:\users\erik\source\repos\physicsengine\physicsengine\geometry2d.cpp(19): error C2440: '<function-style-cast>': cannot convert from 'initializer list' to 'vec2'
  c:\users\erik\source\repos\physicsengine\physicsengine\geometry2d.cpp(19): note: No constructor could take the source type, or constructor overload resolution was ambiguous
c:\users\erik\source\repos\physicsengine\physicsengine\geometry2d.cpp(26): error C2440: '<function-style-cast>': cannot convert from 'initializer list' to 'vec2'
  c:\users\erik\source\repos\physicsengine\physicsengine\geometry2d.cpp(26): note: No constructor could take the source type, or constructor overload resolution was ambiguous
c:\users\erik\source\repos\physicsengine\physicsengine\geometry2d.cpp(38): error C2017: illegal escape sequence
c:\users\erik\source\repos\physicsengine\physicsengine\geometry2d.cpp(71): error C2440: '<function-style-cast>': cannot convert from 'initializer list' to 'vec2'
  c:\users\erik\source\repos\physicsengine\physicsengine\geometry2d.cpp(71): note: No constructor could take the source type, or constructor overload resolution was ambiguous
c:\users\erik\source\repos\physicsengine\physicsengine\geometry2d.cpp(71): error C3861: 'Multiply': identifier not found
c:\users\erik\source\repos\physicsengine\physicsengine\geometry2d.cpp(128): error C2440: '<function-style-cast>': cannot convert from 'initializer list' to 'vec2'
  c:\users\erik\source\repos\physicsengine\physicsengine\geometry2d.cpp(128): note: No constructor could take the source type, or constructor overload resolution was ambiguous
c:\users\erik\source\repos\physicsengine\physicsengine\geometry2d.cpp(128): error C3861: 'Multiply': identifier not found
c:\users\erik\source\repos\physicsengine\physicsengine\geometry2d.cpp(132): error C2440: '<function-style-cast>': cannot convert from 'initializer list' to 'vec2'
  c:\users\erik\source\repos\physicsengine\physicsengine\geometry2d.cpp(132): note: No constructor could take the source type, or constructor overload resolution was ambiguous
c:\users\erik\source\repos\physicsengine\physicsengine\geometry2d.cpp(132): error C3861: 'Multiply': identifier not found
  matrices.cpp
c:\users\erik\source\repos\physicsengine\physicsengine\matrices.cpp(196): error C4430: missing type specifier - int assumed. Note: C++ does not support default-int
c:\users\erik\source\repos\physicsengine\physicsengine\matrices.cpp(196): error C2146: syntax error: missing ';' before identifier 'M'
c:\users\erik\source\repos\physicsengine\physicsengine\matrices.cpp(197): error C2143: syntax error: missing ';' before '{'
c:\users\erik\source\repos\physicsengine\physicsengine\matrices.cpp(197): error C2447: '{': missing function header (old-style formal list?)
  vectors.cpp
c:\users\erik\source\repos\physicsengine\physicsengine\vectors.cpp(77): error C2017: illegal escape sequence
c:\users\erik\source\repos\physicsengine\physicsengine\vectors.cpp(77): error C2296: '*': illegal, left operand has type 'float (__cdecl *)(float,float)'
c:\users\erik\source\repos\physicsengine\physicsengine\vectors.cpp(77): error C2059: syntax error: '&&'
c:\users\erik\source\repos\physicsengine\physicsengine\vectors.cpp(82): error C2017: illegal escape sequence
c:\users\erik\source\repos\physicsengine\physicsengine\vectors.cpp(82): error C2296: '*': illegal, left operand has type 'float (__cdecl *)(float,float)'
c:\users\erik\source\repos\physicsengine\physicsengine\vectors.cpp(82): error C2059: syntax error: '&&'
c:\users\erik\source\repos\physicsengine\physicsengine\vectors.cpp(189): error C2065: 'sourceVector': undeclared identifier
c:\users\erik\source\repos\physicsengine\physicsengine\vectors.cpp(194): error C2065: 'sourceVector': undeclared identifier
  Generating Code...
